app/build/outputs/logs/manifest-merger-debug-report.txt
-- Merging decision tree log ---
manifest
ADDED from src/main/AndroidManifest.xml:3:1-159:12
	package
		ADDED from src/main/AndroidManifest.xml:5:5-34
		INJECTED from src/main/AndroidManifest.xml
		INJECTED from src/main/AndroidManifest.xml
	xmlns:android
		ADDED from src/main/AndroidManifest.xml:4:5-63
uses-sdk
ADDED from src/main/AndroidManifest.xml:7:5-9:41
MERGED from [com.android.support:appcompat-v7:25.3.1] AndroidManifest.xml:21:5-23:78
MERGED from [com.android.support:support-v4:25.3.1] AndroidManifest.xml:21:5-23:54
MERGED from [com.android.support:support-fragment:25.3.1] AndroidManifest.xml:21:5-23:60
MERGED from [com.android.support:support-media-compat:25.3.1] AndroidManifest.xml:21:5-23:63
MERGED from [com.android.support:support-core-ui:25.3.1] AndroidManifest.xml:21:5-23:58
MERGED from [com.android.support:support-core-utils:25.3.1] AndroidManifest.xml:21:5-23:61
MERGED from [com.android.support:animated-vector-drawable:25.3.1] AndroidManifest.xml:20:5-44
MERGED from [com.android.support:support-vector-drawable:25.3.1] AndroidManifest.xml:20:5-43
MERGED from [com.android.support:support-compat:25.3.1] AndroidManifest.xml:21:5-23:58
MERGED from [com.journeyapps:zxing-android-embedded:3.2.0] AndroidManifest.xml:19:5-43
	tools:overrideLibrary
		ADDED from [com.android.support:appcompat-v7:25.3.1] AndroidManifest.xml:23:9-75
	android:targetSdkVersion
		ADDED from src/main/AndroidManifest.xml:9:9-38
		INJECTED from src/main/AndroidManifest.xml
		INJECTED from src/main/AndroidManifest.xml
	android:minSdkVersion
		ADDED from src/main/AndroidManifest.xml:8:9-35
		INJECTED from src/main/AndroidManifest.xml
		INJECTED from src/main/AndroidManifest.xml
uses-permission#android.permission.ACCESS_COARSE_LOCATION
ADDED from src/main/AndroidManifest.xml:11:5-81
	android:name
		ADDED from src/main/AndroidManifest.xml:11:22-78
uses-permission#android.permission.ACCESS_FINE_LOCATION
ADDED from src/main/AndroidManifest.xml:12:5-79
	android:name
		ADDED from src/main/AndroidManifest.xml:12:22-76
uses-permission#android.permission.ACCESS_NETWORK_STATE
ADDED from src/main/AndroidManifest.xml:13:5-79
	android:name
		ADDED from src/main/AndroidManifest.xml:13:22-76
uses-permission#android.permission.ACCESS_WIFI_STATE
ADDED from src/main/AndroidManifest.xml:14:5-76
	android:name
		ADDED from src/main/AndroidManifest.xml:14:22-73
uses-permission#android.permission.CAMERA
ADDED from src/main/AndroidManifest.xml:16:5-65
MERGED from [com.journeyapps:zxing-android-embedded:3.2.0] AndroidManifest.xml:21:5-65
	android:name
		ADDED from src/main/AndroidManifest.xml:16:22-62
uses-permission#android.permission.CHANGE_WIFI_STATE
ADDED from src/main/AndroidManifest.xml:17:5-76
	android:name
		ADDED from src/main/AndroidManifest.xml:17:22-73
uses-permission#android.permission.INTERNET
ADDED from src/main/AndroidManifest.xml:18:5-67
	android:name
		ADDED from src/main/AndroidManifest.xml:18:22-64
uses-permission#android.permission.NFC
ADDED from src/main/AndroidManifest.xml:19:5-62
	android:name
		ADDED from src/main/AndroidManifest.xml:19:22-59
uses-permission#android.permission.READ_SYNC_SETTINGS
ADDED from src/main/AndroidManifest.xml:20:5-77
	android:name
		ADDED from src/main/AndroidManifest.xml:20:22-74
uses-permission#android.permission.RECEIVE_BOOT_COMPLETED
ADDED from src/main/AndroidManifest.xml:21:5-81
	android:name
		ADDED from src/main/AndroidManifest.xml:21:22-78
uses-permission#android.permission.RECORD_AUDIO
ADDED from src/main/AndroidManifest.xml:22:5-71
	android:name
		ADDED from src/main/AndroidManifest.xml:22:22-68
uses-permission#android.permission.SET_WALLPAPER
ADDED from src/main/AndroidManifest.xml:23:5-72
	android:name
		ADDED from src/main/AndroidManifest.xml:23:22-69
uses-permission#android.permission.SUBSCRIBED_FEEDS_READ
ADDED from src/main/AndroidManifest.xml:24:5-80
	android:name
		ADDED from src/main/AndroidManifest.xml:24:22-77
uses-permission#android.permission.SUBSCRIBED_FEEDS_WRITE
ADDED from src/main/AndroidManifest.xml:25:5-81
	android:name
		ADDED from src/main/AndroidManifest.xml:25:22-78
uses-permission#android.permission.USE_CREDENTIALS
ADDED from src/main/AndroidManifest.xml:26:5-74
	android:name
		ADDED from src/main/AndroidManifest.xml:26:22-71
uses-permission#android.permission.VIBRATE
ADDED from src/main/AndroidManifest.xml:27:5-66
	android:name
		ADDED from src/main/AndroidManifest.xml:27:22-63
uses-permission#android.permission.WAKE_LOCK
ADDED from src/main/AndroidManifest.xml:28:5-68
	android:name
		ADDED from src/main/AndroidManifest.xml:28:22-65
uses-permission#android.permission.WRITE_EXTERNAL_STORAGE
ADDED from src/main/AndroidManifest.xml:29:5-81
	android:name
		ADDED from src/main/AndroidManifest.xml:29:22-78
uses-permission#android.permission.WRITE_SETTINGS
ADDED from src/main/AndroidManifest.xml:30:5-73
	android:name
		ADDED from src/main/AndroidManifest.xml:30:22-70
uses-permission#android.permission.WRITE_SYNC_SETTINGS
ADDED from src/main/AndroidManifest.xml:31:5-78
	android:name
		ADDED from src/main/AndroidManifest.xml:31:22-75
supports-screens
ADDED from src/main/AndroidManifest.xml:33:5-37:40
	android:largeScreens
		ADDED from src/main/AndroidManifest.xml:35:9-36
	android:smallScreens
		ADDED from src/main/AndroidManifest.xml:37:9-37
	android:normalScreens
		ADDED from src/main/AndroidManifest.xml:36:9-37
	android:anyDensity
		ADDED from src/main/AndroidManifest.xml:34:9-34
application
ADDED from src/main/AndroidManifest.xml:39:5-157:19
MERGED from [com.android.support:appcompat-v7:25.3.1] AndroidManifest.xml:29:5-20
MERGED from [com.android.support:support-v4:25.3.1] AndroidManifest.xml:29:5-20
MERGED from [com.android.support:support-fragment:25.3.1] AndroidManifest.xml:29:5-20
MERGED from [com.android.support:support-media-compat:25.3.1] AndroidManifest.xml:29:5-20
MERGED from [com.android.support:support-core-ui:25.3.1] AndroidManifest.xml:29:5-20
MERGED from [com.android.support:support-core-utils:25.3.1] AndroidManifest.xml:29:5-20
MERGED from [com.android.support:animated-vector-drawable:25.3.1] AndroidManifest.xml:26:5-20
MERGED from [com.android.support:support-vector-drawable:25.3.1] AndroidManifest.xml:26:5-20
MERGED from [com.android.support:support-compat:25.3.1] AndroidManifest.xml:29:5-20
MERGED from [com.journeyapps:zxing-android-embedded:3.2.0] AndroidManifest.xml:45:5-53:19
	android:label
		ADDED from src/main/AndroidManifest.xml:43:9-41
	android:supportsRtl
		ADDED from src/main/AndroidManifest.xml:46:9-35
	android:hardwareAccelerated
		ADDED from src/main/AndroidManifest.xml:41:9-43
	android:icon
		ADDED from src/main/AndroidManifest.xml:42:9-58
	android:largeHeap
		ADDED from src/main/AndroidManifest.xml:44:9-33
	android:restoreAnyVersion
		ADDED from src/main/AndroidManifest.xml:45:9-41
	android:theme
		ADDED from src/main/AndroidManifest.xml:47:9-44
	android:name
		ADDED from src/main/AndroidManifest.xml:40:9-61
activity#com.android.cameraclone.CameraActivity
ADDED from src/main/AndroidManifest.xml:48:9-69:20
	android:clearTaskOnLaunch
		ADDED from src/main/AndroidManifest.xml:50:13-45
	android:label
		ADDED from src/main/AndroidManifest.xml:52:13-45
	android:launchMode
		ADDED from src/main/AndroidManifest.xml:53:13-44
	android:windowSoftInputMode
		ADDED from src/main/AndroidManifest.xml:56:13-70
	android:configChanges
		ADDED from src/main/AndroidManifest.xml:51:13-74
	android:theme
		ADDED from src/main/AndroidManifest.xml:55:13-48
	android:taskAffinity
		ADDED from src/main/AndroidManifest.xml:54:13-69
	android:name
		ADDED from src/main/AndroidManifest.xml:49:13-66
intent-filter#android.intent.category.DEFAULT+android.media.action.STILL_IMAGE_CAMERA
ADDED from src/main/AndroidManifest.xml:57:13-60:29
action#android.media.action.STILL_IMAGE_CAMERA
ADDED from src/main/AndroidManifest.xml:58:17-82
	android:name
		ADDED from src/main/AndroidManifest.xml:58:25-79
category#android.intent.category.DEFAULT
ADDED from src/main/AndroidManifest.xml:59:17-76
	android:name
		ADDED from src/main/AndroidManifest.xml:59:27-73
intent-filter#android.intent.action.MAIN+android.intent.category.DEFAULT
ADDED from src/main/AndroidManifest.xml:61:13-64:29
action#android.intent.action.MAIN
ADDED from src/main/AndroidManifest.xml:62:17-69
	android:name
		ADDED from src/main/AndroidManifest.xml:62:25-66
meta-data#com.android.keyguard.layout
ADDED from src/main/AndroidManifest.xml:66:13-68:62
	android:resource
		ADDED from src/main/AndroidManifest.xml:68:17-59
	android:name
		ADDED from src/main/AndroidManifest.xml:67:17-59
activity#com.android.cameraclone.PermissionsActivity
ADDED from src/main/AndroidManifest.xml:71:9-79:20
	android:label
		ADDED from src/main/AndroidManifest.xml:73:17-49
	android:parentActivityName
		ADDED from src/main/AndroidManifest.xml:75:17-84
	android:excludeFromRecents
		ADDED from src/main/AndroidManifest.xml:74:17-50
	android:name
		ADDED from src/main/AndroidManifest.xml:72:17-75
meta-data#android.support.PARENT_ACTIVITY
ADDED from src/main/AndroidManifest.xml:76:13-78:78
	android:value
		ADDED from src/main/AndroidManifest.xml:78:21-75
	android:name
		ADDED from src/main/AndroidManifest.xml:77:21-67
activity-alias#com.android.cameraclone.CameraLauncher
ADDED from src/main/AndroidManifest.xml:81:9-91:26
	android:label
		ADDED from src/main/AndroidManifest.xml:83:13-45
	android:targetActivity
		ADDED from src/main/AndroidManifest.xml:84:13-76
	android:name
		ADDED from src/main/AndroidManifest.xml:82:13-66
intent-filter#android.intent.action.MAIN+android.intent.category.DEFAULT+android.intent.category.LAUNCHER
ADDED from src/main/AndroidManifest.xml:85:13-90:29
category#android.intent.category.LAUNCHER
ADDED from src/main/AndroidManifest.xml:89:17-77
	android:name
		ADDED from src/main/AndroidManifest.xml:89:27-74
activity#com.android.cameraclone.CaptureActivity
ADDED from src/main/AndroidManifest.xml:93:9-103:20
	android:label
		ADDED from src/main/AndroidManifest.xml:95:13-45
	android:windowSoftInputMode
		ADDED from src/main/AndroidManifest.xml:98:13-70
	android:configChanges
		ADDED from src/main/AndroidManifest.xml:97:13-74
	android:theme
		ADDED from src/main/AndroidManifest.xml:96:13-48
	android:name
		ADDED from src/main/AndroidManifest.xml:94:13-67
intent-filter#android.intent.category.DEFAULT+android.media.action.IMAGE_CAPTURE
ADDED from src/main/AndroidManifest.xml:99:13-102:29
action#android.media.action.IMAGE_CAPTURE
ADDED from src/main/AndroidManifest.xml:100:17-77
	android:name
		ADDED from src/main/AndroidManifest.xml:100:25-74
activity-alias#com.android.cameraclone.VideoCamera
ADDED from src/main/AndroidManifest.xml:106:9-118:26
	android:label
		ADDED from src/main/AndroidManifest.xml:108:13-55
	android:targetActivity
		ADDED from src/main/AndroidManifest.xml:109:13-77
	android:name
		ADDED from src/main/AndroidManifest.xml:107:13-63
intent-filter#android.intent.category.DEFAULT+android.media.action.VIDEO_CAMERA
ADDED from src/main/AndroidManifest.xml:110:13-113:29
action#android.media.action.VIDEO_CAMERA
ADDED from src/main/AndroidManifest.xml:111:17-76
	android:name
		ADDED from src/main/AndroidManifest.xml:111:25-73
intent-filter#android.intent.category.DEFAULT+android.media.action.VIDEO_CAPTURE
ADDED from src/main/AndroidManifest.xml:114:13-117:29
action#android.media.action.VIDEO_CAPTURE
ADDED from src/main/AndroidManifest.xml:115:17-77
	android:name
		ADDED from src/main/AndroidManifest.xml:115:25-74
activity#com.android.cameraclone.SecureCameraActivity
ADDED from src/main/AndroidManifest.xml:120:9-143:20
	android:clearTaskOnLaunch
		ADDED from src/main/AndroidManifest.xml:122:13-45
	android:label
		ADDED from src/main/AndroidManifest.xml:125:13-45
	android:excludeFromRecents
		ADDED from src/main/AndroidManifest.xml:124:13-46
	android:windowSoftInputMode
		ADDED from src/main/AndroidManifest.xml:128:13-70
	android:configChanges
		ADDED from src/main/AndroidManifest.xml:123:13-74
	android:theme
		ADDED from src/main/AndroidManifest.xml:127:13-54
	android:taskAffinity
		ADDED from src/main/AndroidManifest.xml:126:13-75
	android:name
		ADDED from src/main/AndroidManifest.xml:121:13-72
intent-filter#android.intent.category.DEFAULT+android.media.action.STILL_IMAGE_CAMERA_SECURE
ADDED from src/main/AndroidManifest.xml:129:13-133:29
action#android.media.action.STILL_IMAGE_CAMERA_SECURE
ADDED from src/main/AndroidManifest.xml:130:17-89
	android:name
		ADDED from src/main/AndroidManifest.xml:130:25-86
intent-filter#android.intent.category.DEFAULT+android.media.action.IMAGE_CAPTURE_SECURE
ADDED from src/main/AndroidManifest.xml:134:13-138:29
action#android.media.action.IMAGE_CAPTURE_SECURE
ADDED from src/main/AndroidManifest.xml:135:17-84
	android:name
		ADDED from src/main/AndroidManifest.xml:135:25-81
activity#com.android.cameraclone.settings.CameraSettingsActivity
ADDED from src/main/AndroidManifest.xml:145:9-150:20
	android:label
		ADDED from src/main/AndroidManifest.xml:147:13-50
	android:configChanges
		ADDED from src/main/AndroidManifest.xml:149:13-74
	android:theme
		ADDED from src/main/AndroidManifest.xml:148:13-56
	android:name
		ADDED from src/main/AndroidManifest.xml:146:13-83
receiver#com.android.cameraclone.DisableCameraReceiver
ADDED from src/main/AndroidManifest.xml:152:9-156:20
	android:name
		ADDED from src/main/AndroidManifest.xml:152:19-79
intent-filter#android.intent.action.BOOT_COMPLETED
ADDED from src/main/AndroidManifest.xml:153:13-155:29
action#android.intent.action.BOOT_COMPLETED
ADDED from src/main/AndroidManifest.xml:154:17-79
	android:name
		ADDED from src/main/AndroidManifest.xml:154:25-76
meta-data#android.support.VERSION
ADDED from [com.android.support:appcompat-v7:25.3.1] AndroidManifest.xml:25:5-27:34
MERGED from [com.android.support:support-v4:25.3.1] AndroidManifest.xml:25:5-27:34
MERGED from [com.android.support:support-fragment:25.3.1] AndroidManifest.xml:25:5-27:34
MERGED from [com.android.support:support-media-compat:25.3.1] AndroidManifest.xml:25:5-27:34
MERGED from [com.android.support:support-core-ui:25.3.1] AndroidManifest.xml:25:5-27:34
MERGED from [com.android.support:support-core-utils:25.3.1] AndroidManifest.xml:25:5-27:34
MERGED from [com.android.support:animated-vector-drawable:25.3.1] AndroidManifest.xml:22:5-24:34
MERGED from [com.android.support:support-vector-drawable:25.3.1] AndroidManifest.xml:22:5-24:34
MERGED from [com.android.support:support-compat:25.3.1] AndroidManifest.xml:25:5-27:34
	android:value
		ADDED from [com.android.support:appcompat-v7:25.3.1] AndroidManifest.xml:27:9-31
	android:name
		ADDED from [com.android.support:appcompat-v7:25.3.1] AndroidManifest.xml:26:9-47
uses-feature#android.hardware.camera
ADDED from [com.journeyapps:zxing-android-embedded:3.2.0] AndroidManifest.xml:24:5-26:36
	android:required
		ADDED from [com.journeyapps:zxing-android-embedded:3.2.0] AndroidManifest.xml:26:9-33
	android:name
		ADDED from [com.journeyapps:zxing-android-embedded:3.2.0] AndroidManifest.xml:25:9-47
uses-feature#android.hardware.camera.front
ADDED from [com.journeyapps:zxing-android-embedded:3.2.0] AndroidManifest.xml:27:5-29:36
	android:required
		ADDED from [com.journeyapps:zxing-android-embedded:3.2.0] AndroidManifest.xml:29:9-33
	android:name
		ADDED from [com.journeyapps:zxing-android-embedded:3.2.0] AndroidManifest.xml:28:9-53
uses-feature#android.hardware.camera.autofocus
ADDED from [com.journeyapps:zxing-android-embedded:3.2.0] AndroidManifest.xml:32:5-34:36
	android:required
		ADDED from [com.journeyapps:zxing-android-embedded:3.2.0] AndroidManifest.xml:34:9-33
	android:name
		ADDED from [com.journeyapps:zxing-android-embedded:3.2.0] AndroidManifest.xml:33:9-57
uses-feature#android.hardware.camera.flash
ADDED from [com.journeyapps:zxing-android-embedded:3.2.0] AndroidManifest.xml:35:5-37:36
	android:required
		ADDED from [com.journeyapps:zxing-android-embedded:3.2.0] AndroidManifest.xml:37:9-33
	android:name
		ADDED from [com.journeyapps:zxing-android-embedded:3.2.0] AndroidManifest.xml:36:9-53
uses-feature#android.hardware.screen.landscape
ADDED from [com.journeyapps:zxing-android-embedded:3.2.0] AndroidManifest.xml:38:5-40:36
	android:required
		ADDED from [com.journeyapps:zxing-android-embedded:3.2.0] AndroidManifest.xml:40:9-33
	android:name
		ADDED from [com.journeyapps:zxing-android-embedded:3.2.0] AndroidManifest.xml:39:9-57
uses-feature#android.hardware.wifi
ADDED from [com.journeyapps:zxing-android-embedded:3.2.0] AndroidManifest.xml:41:5-43:36
	android:required
		ADDED from [com.journeyapps:zxing-android-embedded:3.2.0] AndroidManifest.xml:43:9-33
	android:name
		ADDED from [com.journeyapps:zxing-android-embedded:3.2.0] AndroidManifest.xml:42:9-45
activity#com.journeyapps.barcodescanner.CaptureActivity
ADDED from [com.journeyapps:zxing-android-embedded:3.2.0] AndroidManifest.xml:46:9-52:63
	android:clearTaskOnLaunch
		ADDED from [com.journeyapps:zxing-android-embedded:3.2.0] AndroidManifest.xml:48:13-45
	android:screenOrientation
		ADDED from [com.journeyapps:zxing-android-embedded:3.2.0] AndroidManifest.xml:49:13-56
	android:stateNotNeeded
		ADDED from [com.journeyapps:zxing-android-embedded:3.2.0] AndroidManifest.xml:50:13-42
	android:windowSoftInputMode
		ADDED from [com.journeyapps:zxing-android-embedded:3.2.0] AndroidManifest.xml:52:13-60
	android:theme
		ADDED from [com.journeyapps:zxing-android-embedded:3.2.0] AndroidManifest.xml:51:13-54
	android:name
		ADDED from [com.journeyapps:zxing-android-embedded:3.2.0] AndroidManifest.xml:47:13-74